[2026-04-17 09:38:28] test_hello_world - {"success":true,"http_code":200,"error":null,"response":{"messaging_product":"whatsapp","contacts":[{"input":"237655196254","wa_id":"237655196254"}],"messages":[{"id":"wamid.HBgMMjM3NjU1MTk2MjU0FQIAERgSNEQ3Q0Q1NjU3QzdEODc5Q0FGAA==","message_status":"accepted"}]}}
[2026-04-17 09:39:08] test_hello_world - {"success":true,"http_code":200,"error":null,"response":{"messaging_product":"whatsapp","contacts":[{"input":"237655196254","wa_id":"237655196254"}],"messages":[{"id":"wamid.HBgMMjM3NjU1MTk2MjU0FQIAERgSOERFNjZCRUVGNkNCREMzMEI3AA==","message_status":"accepted"}]}}
[2026-04-17 09:41:02] test_message_texte - {"success":true,"http_code":200,"error":null,"response":{"messaging_product":"whatsapp","contacts":[{"input":"237655196254","wa_id":"237655196254"}],"messages":[{"id":"wamid.HBgMMjM3NjU1MTk2MjU0FQIAERgSQkQ4ODRCMzBCQ0IxN0MxNUM0AA=="}]}}
[2026-04-17 09:42:51] test_message_texte - {"success":true,"http_code":200,"error":null,"response":{"messaging_product":"whatsapp","contacts":[{"input":"237655196254","wa_id":"237655196254"}],"messages":[{"id":"wamid.HBgMMjM3NjU1MTk2MjU0FQIAERgSMTc5MjIwMTRBQTNBRjJBRkVCAA=="}]}}
[2026-05-09 07:29:47] test_message_texte - {"success":false,"http_code":400,"error":null,"response":{"error":{"message":"The parameter to is required.","code":100,"type":"OAuthException","fbtrace_id":"Apo8n-tw_5f8ujkpH7SnaGT"}}}
[2026-05-09 07:30:01] test_message_texte - {"success":false,"http_code":400,"error":null,"response":{"error":{"message":"The parameter to is required.","code":100,"type":"OAuthException","fbtrace_id":"ADGwREHO2dTE88dXl3QfuIz"}}}
[2026-05-09 07:41:06] test_message_texte - {"success":true,"http_code":200,"error":null,"response":{"messaging_product":"whatsapp","contacts":[{"input":"237655196254","wa_id":"237655196254"}],"messages":[{"id":"wamid.HBgMMjM3NjU1MTk2MjU0FQIAERgSMDMzQjg2MTc5NEFCQUEwQzI3AA=="}]}}
[2026-05-09 07:48:50] test_template_hello_world - {"success":false,"http_code":400,"error":null,"response":{"error":{"message":"(#131058) Hello World templates can only be sent from the Public Test Numbers","code":131058,"type":"OAuthException","fbtrace_id":"AmXgS1-j_IVqRUctECYH_VU"}}}
[2026-05-09 08:00:33] test_template_hello_world - {"success":false,"http_code":400,"error":null,"response":{"error":{"message":"(#131058) Hello World templates can only be sent from the Public Test Numbers","code":131058,"type":"OAuthException","fbtrace_id":"A5xwOu9XTvNumVGDeGTXvq-"}}}
[2026-05-09 08:00:59] test_message_texte - {"success":true,"http_code":200,"error":null,"response":{"messaging_product":"whatsapp","contacts":[{"input":"237655196254","wa_id":"237655196254"}],"messages":[{"id":"wamid.HBgMMjM3NjU1MTk2MjU0FQIAERgSRjIwQzY3NDkxRDk2OUE3QTQyAA=="}]}}
[2026-05-09 08:01:08] test_message_texte - {"success":true,"http_code":200,"error":null,"response":{"messaging_product":"whatsapp","contacts":[{"input":"237655196254","wa_id":"237655196254"}],"messages":[{"id":"wamid.HBgMMjM3NjU1MTk2MjU0FQIAERgSNUZCRDA3RENGMUNGRjA3QzE5AA=="}]}}
[2026-05-10 06:11:50] test_reservation_confirmation - {"success":false,"http_code":404,"error":null,"response":{"error":{"message":"(#132001) Template name does not exist in the translation","code":132001,"type":"OAuthException","error_data":{"messaging_product":"whatsapp","details":"template name (reservation_confirmation) does not exist in fr"},"fbtrace_id":"A6Gdf87DoO7qgN1QWEkoNDh"}}}
[2026-05-10 06:12:00] test_reservation_confirmation - {"success":false,"http_code":404,"error":null,"response":{"error":{"message":"(#132001) Template name does not exist in the translation","code":132001,"type":"OAuthException","error_data":{"messaging_product":"whatsapp","details":"template name (reservation_confirmation) does not exist in fr"},"fbtrace_id":"AfX4fZSN9VLQ8vh09bcGG3p"}}}
[2026-05-10 06:16:19] test_nouveau_token_system_user - {"success":false,"http_code":0,"error":"Connection timed out after 30013 milliseconds","response":null}
[2026-05-10 06:17:05] test_nouveau_token_system_user - {"success":false,"http_code":0,"error":"Connection timed out after 30008 milliseconds","response":null}
[2026-05-10 06:17:16] test_nouveau_token_system_user - {"success":false,"http_code":0,"error":"Connection timed out after 30010 milliseconds","response":null}
[2026-05-10 06:17:45] test_nouveau_token_system_user - {"success":false,"http_code":0,"error":"Recv failure: Connection was reset","response":null}
[2026-05-10 06:18:36] test_nouveau_token_system_user - {"success":false,"http_code":0,"error":"Connection timed out after 30014 milliseconds","response":null}
[2026-05-10 06:18:49] test_nouveau_token_system_user - {"success":false,"http_code":0,"error":"Connection timed out after 30002 milliseconds","response":null}
[2026-05-10 06:19:05] test_nouveau_token_system_user - {"success":false,"http_code":0,"error":"Recv failure: Connection was reset","response":null}
[2026-05-10 06:19:30] test_nouveau_token_system_user - {"success":true,"http_code":200,"error":null,"response":{"messaging_product":"whatsapp","contacts":[{"input":"237655196254","wa_id":"237655196254"}],"messages":[{"id":"wamid.HBgMMjM3NjU1MTk2MjU0FQIAERgSQzEwOUVCMjFGNzQ3MkM1NEQ5AA=="}]}}
[2026-05-10 06:20:12] test_nouveau_token_system_user - {"success":true,"http_code":200,"error":null,"response":{"messaging_product":"whatsapp","contacts":[{"input":"237655196254","wa_id":"237655196254"}],"messages":[{"id":"wamid.HBgMMjM3NjU1MTk2MjU0FQIAERgSRDQyRkE0RTBBNzIyQTE4NzYwAA=="}]}}
[2026-05-10 06:27:44] test_nouveau_token_system_user - {"success":true,"http_code":200,"error":null,"response":{"messaging_product":"whatsapp","contacts":[{"input":"237655196254","wa_id":"237655196254"}],"messages":[{"id":"wamid.HBgMMjM3NjU1MTk2MjU0FQIAERgSRDMwRTgyMjc3NEFCMEJBMUJBAA=="}]}}
[2026-05-10 06:27:50] test_nouveau_token_system_user - {"success":true,"http_code":200,"error":null,"response":{"messaging_product":"whatsapp","contacts":[{"input":"237655196254","wa_id":"237655196254"}],"messages":[{"id":"wamid.HBgMMjM3NjU1MTk2MjU0FQIAERgSQjAyMDI0QzRCRjA5NERCQjlEAA=="}]}}
